0 info it worked if it ends with ok
1 verbose cli [ 'C:\\Program Files\\nodejs\\node.exe',
1 verbose cli   'C:\\Program Files\\nodejs\\node_modules\\npm\\bin\\npm-cli.js',
1 verbose cli   'start' ]
2 info using npm@3.3.12
3 info using node@v5.5.0
4 verbose run-script [ 'prestart', 'start', 'poststart' ]
5 info lifecycle Logins@1.0.0~prestart: Logins@1.0.0
6 silly lifecycle Logins@1.0.0~prestart: no script for prestart, continuing
7 info lifecycle Logins@1.0.0~start: Logins@1.0.0
8 verbose lifecycle Logins@1.0.0~start: unsafe-perm in lifecycle true
9 verbose lifecycle Logins@1.0.0~start: PATH: C:\Program Files\nodejs\node_modules\npm\bin\node-gyp-bin;J:\PokeFriends\proj\node_modules\.bin;C:\Users\Anthony\bin;C:\Users\Anthony\AppData\Local\Programs\Git\mingw64\bin;C:\Users\Anthony\AppData\Local\Programs\Git\usr\local\bin;C:\Users\Anthony\AppData\Local\Programs\Git\usr\bin;C:\Users\Anthony\AppData\Local\Programs\Git\usr\bin;C:\Users\Anthony\AppData\Local\Programs\Git\mingw64\bin;C:\Users\Anthony\AppData\Local\Programs\Git\usr\bin;C:\Users\Anthony\bin;C:\ProgramData\Oracle\Java\javapath;C:\Python34;C:\Python34\Scripts;C:\Windows\system32;C:\Windows;C:\Windows\System32\Wbem;C:\Windows\System32\WindowsPowerShell\v1.0;C:\Program Files (x86)\Windows Kits\8.1\Windows Performance Toolkit;C:\Program Files\Microsoft SQL Server\110\Tools\Binn;C:\Program Files (x86)\QuickTime\QTSystem;C:\HaxeToolkit\haxe;C:\HaxeToolkit\neko;C:\Program Files (x86)\NVIDIA Corporation\PhysX\Common;C:\WINDOWS\system32;C:\WINDOWS;C:\WINDOWS\System32\Wbem;C:\WINDOWS\System32\WindowsPowerShell\v1.0;C:\Program Files\TortoiseSVN\bin;C:\Program Files (x86)\Skype\Phone;C:\Program Files\nodejs;C:\WINDOWS\system32\config\systemprofile\.dnx\bin;C:\Program Files\Microsoft DNX\Dnvm;C:\Program Files (x86)\Heroku\bin;C:\Program Files (x86)\git\cmd;C:\Program Files (x86)\Brackets\command;C:\Windows\System32;C:\Python34;C:\Python34\python.exe;C:\Python34\Scripts;C:\Python34\Lib\site-packages\django\bin;C:\Users\Anthony\AppData\Roaming\npm;C:\Users\Anthony\AppData\Local\Programs\Git\usr\bin\vendor_perl;C:\Users\Anthony\AppData\Local\Programs\Git\usr\bin\core_perl
10 verbose lifecycle Logins@1.0.0~start: CWD: J:\PokeFriends\proj
11 silly lifecycle Logins@1.0.0~start: Args: [ '/d /s /c', 'node ./src/app.js' ]
12 silly lifecycle Logins@1.0.0~start: Returned: code: 1  signal: null
13 info lifecycle Logins@1.0.0~start: Failed to exec start script
14 verbose stack Error: Logins@1.0.0 start: `node ./src/app.js`
14 verbose stack Exit status 1
14 verbose stack     at EventEmitter.<anonymous> (C:\Program Files\nodejs\node_modules\npm\lib\utils\lifecycle.js:232:16)
14 verbose stack     at emitTwo (events.js:100:13)
14 verbose stack     at EventEmitter.emit (events.js:185:7)
14 verbose stack     at ChildProcess.<anonymous> (C:\Program Files\nodejs\node_modules\npm\lib\utils\spawn.js:24:14)
14 verbose stack     at emitTwo (events.js:100:13)
14 verbose stack     at ChildProcess.emit (events.js:185:7)
14 verbose stack     at maybeClose (internal/child_process.js:821:16)
14 verbose stack     at Process.ChildProcess._handle.onexit (internal/child_process.js:211:5)
15 verbose pkgid Logins@1.0.0
16 verbose cwd J:\PokeFriends\proj
17 error Windows_NT 10.0.10586
18 error argv "C:\\Program Files\\nodejs\\node.exe" "C:\\Program Files\\nodejs\\node_modules\\npm\\bin\\npm-cli.js" "start"
19 error node v5.5.0
20 error npm  v3.3.12
21 error code ELIFECYCLE
22 error Logins@1.0.0 start: `node ./src/app.js`
22 error Exit status 1
23 error Failed at the Logins@1.0.0 start script 'node ./src/app.js'.
23 error Make sure you have the latest version of node.js and npm installed.
23 error If you do, this is most likely a problem with the Logins package,
23 error not with npm itself.
23 error Tell the author that this fails on your system:
23 error     node ./src/app.js
23 error You can get their info via:
23 error     npm owner ls Logins
23 error There is likely additional logging output above.
24 verbose exit [ 1, true ]
